16:24:16 [ STATUS ] server socket created/listen/accepted [ STATUS ] SKYGRID 0
16:24:16 [ RECIEVED ] INIT surveyor svr12 1 position2d [ BY ] svr12 1288988656
16:24:16 [ SENT ] ACK 1288988656 [ TO ] svr12 1288988656
16:24:16 [ POPPED ] ASKPOSE 1288988656 [ OFF ] svr12 1288988656
16:24:16 [ SENT ] ASKPOSE 1288988656 [ TO ] svr12 1288988656
16:24:17 [ RECIEVED ] POSE 1288988656 184.995 218.816 1.19396 0.0038 [ BY ] svr12 1288988656
16:24:17 [ POPPED ] ASKPOSE 1288988656 [ OFF ] svr12 1288988656
16:24:17 [ SENT ] ASKPOSE 1288988656 [ TO ] svr12 1288988656
16:24:18 [ RECIEVED ] POSE 1288988656 184.908 501.862 3.1402 0.0199845 [ BY ] svr12 1288988656
16:24:18 [ POPPED ] ASKPOSE 1288988656 [ OFF ] svr12 1288988656
16:24:18 [ SENT ] ASKPOSE 1288988656 [ TO ] svr12 1288988656
16:24:19 [ RECIEVED ] POSE 1288988656 175.215 498.84 3.13334 0.0793326 [ BY ] svr12 1288988656
16:24:19 [ POPPED ] ASKPOSE 1288988656 [ OFF ] svr12 1288988656
16:24:19 [ SENT ] ASKPOSE 1288988656 [ TO ] svr12 1288988656
16:24:20 [ RECIEVED ] POSE 1288988656 174.752 496.306 3.11443 0.210302 [ BY ] svr12 1288988656
16:24:20 [ POPPED ] ASKPOSE 1288988656 [ OFF ] svr12 1288988656
16:24:20 [ SENT ] ASKPOSE 1288988656 [ TO ] svr12 1288988656
16:24:21 [ RECIEVED ] POSE 1288988656 177.219 496.587 3.11222 0.259708 [ BY ] svr12 1288988656
16:24:21 [ POPPED ] ASKPOSE 1288988656 [ OFF ] svr12 1288988656
16:24:21 [ SENT ] ASKPOSE 1288988656 [ TO ] svr12 1288988656
16:24:22 [ RECIEVED ] POSE 1288988656 178.388 494.953 3.09994 0.340843 [ BY ] svr12 1288988656
16:24:22 [ POPPED ] ASKPOSE 1288988656 [ OFF ] svr12 1288988656
16:24:22 [ SENT ] ASKPOSE 1288988656 [ TO ] svr12 1288988656
16:24:23 [ RECIEVED ] POSE 1288988656 179.475 495.141 3.1101 0.410543 [ BY ] svr12 1288988656
16:24:23 [ POPPED ] ASKPOSE 1288988656 [ OFF ] svr12 1288988656
16:24:23 [ SENT ] ASKPOSE 1288988656 [ TO ] svr12 1288988656
16:24:24 [ RECIEVED ] POSE 1288988656 180.082 495.603 3.11603 0.40038 [ BY ] svr12 1288988656
16:24:24 [ POPPED ] ASKPOSE 1288988656 [ OFF ] svr12 1288988656
16:24:24 [ SENT ] ASKPOSE 1288988656 [ TO ] svr12 1288988656
16:24:25 [ RECIEVED ] POSE 1288988656 180.189 495.586 3.11498 0.397077 [ BY ] svr12 1288988656
16:24:25 [ POPPED ] ASKPOSE 1288988656 [ OFF ] svr12 1288988656
16:24:25 [ SENT ] ASKPOSE 1288988656 [ TO ] svr12 1288988656
16:24:26 [ RECIEVED ] POSE 1288988656 181.308 496.175 3.11792 0.452469 [ BY ] svr12 1288988656
16:24:26 [ POPPED ] ASKPOSE 1288988656 [ OFF ] svr12 1288988656
16:24:26 [ SENT ] ASKPOSE 1288988656 [ TO ] svr12 1288988656
16:24:27 [ RECIEVED ] POSE 1288988656 181.302 496.461 3.12514 0.450374 [ BY ] svr12 1288988656
16:24:27 [ POPPED ] ASKPOSE 1288988656 [ OFF ] svr12 1288988656
16:24:27 [ SENT ] ASKPOSE 1288988656 [ TO ] svr12 1288988656
16:24:28 [ RECIEVED ] POSE 1288988656 181.149 496.162 3.13233 0.452807 [ BY ] svr12 1288988656
16:24:28 [ POPPED ] ASKPOSE 1288988656 [ OFF ] svr12 1288988656
16:24:28 [ SENT ] ASKPOSE 1288988656 [ TO ] svr12 1288988656
16:24:29 [ RECIEVED ] POSE 1288988656 181.434 495.375 3.12861 0.450975 [ BY ] svr12 1288988656
16:24:29 [ POPPED ] ASKPOSE 1288988656 [ OFF ] svr12 1288988656
16:24:29 [ SENT ] ASKPOSE 1288988656 [ TO ] svr12 1288988656
16:24:30 [ RECIEVED ] POSE 1288988656 181.433 495.043 3.12762 0.446388 [ BY ] svr12 1288988656
16:24:30 [ POPPED ] ASKPOSE 1288988656 [ OFF ] svr12 1288988656
16:24:30 [ SENT ] ASKPOSE 1288988656 [ TO ] svr12 1288988656
16:24:31 [ RECIEVED ] POSE 1288988656 181.707 495.418 3.1256 0.446581 [ BY ] svr12 1288988656
16:24:31 [ POPPED ] ASKPOSE 1288988656 [ OFF ] svr12 1288988656
16:24:31 [ SENT ] ASKPOSE 1288988656 [ TO ] svr12 1288988656
16:24:32 [ RECIEVED ] POSE 1288988656 182.031 495.605 3.13128 0.448215 [ BY ] svr12 1288988656
16:24:32 [ POPPED ] ASKPOSE 1288988656 [ OFF ] svr12 1288988656
16:24:32 [ SENT ] ASKPOSE 1288988656 [ TO ] svr12 1288988656
16:24:33 [ RECIEVED ] POSE 1288988656 182.417 495.697 3.13399 0.4455 [ BY ] svr12 1288988656
16:24:33 [ POPPED ] ASKPOSE 1288988656 [ OFF ] svr12 1288988656
16:24:33 [ SENT ] ASKPOSE 1288988656 [ TO ] svr12 1288988656
16:24:34 [ RECIEVED ] POSE 1288988656 182.188 494.837 3.13234 0.444722 [ BY ] svr12 1288988656
16:24:34 [ POPPED ] ASKPOSE 1288988656 [ OFF ] svr12 1288988656
16:24:34 [ SENT ] ASKPOSE 1288988656 [ TO ] svr12 1288988656
16:24:35 [ RECIEVED ] POSE 1288988656 182.673 495.234 3.13231 0.443335 [ BY ] svr12 1288988656
16:24:35 [ POPPED ] ASKPOSE 1288988656 [ OFF ] svr12 1288988656
16:24:35 [ SENT ] ASKPOSE 1288988656 [ TO ] svr12 1288988656
16:24:36 [ RECIEVED ] POSE 1288988656 182.514 494.914 3.132 0.438773 [ BY ] svr12 1288988656
16:24:36 [ POPPED ] ASKPOSE 1288988656 [ OFF ] svr12 1288988656
16:24:36 [ SENT ] ASKPOSE 1288988656 [ TO ] svr12 1288988656
16:24:37 [ RECIEVED ] POSE 1288988656 182.738 495.178 3.13009 0.43733 [ BY ] svr12 1288988656
16:24:38 [ POPPED ] ASKPOSE 1288988656 [ OFF ] svr12 1288988656
16:24:38 [ SENT ] ASKPOSE 1288988656 [ TO ] svr12 1288988656
16:24:38 [ RECIEVED ] POSE 1288988656 183.258 495.218 3.13263 0.437096 [ BY ] svr12 1288988656
16:24:38 [ POPPED ] ASKPOSE 1288988656 [ OFF ] svr12 1288988656
16:24:38 [ SENT ] ASKPOSE 1288988656 [ TO ] svr12 1288988656
16:24:39 [ RECIEVED ] POSE 1288988656 183.397 495.32 3.13353 0.437347 [ BY ] svr12 1288988656
16:24:39 [ POPPED ] ASKPOSE 1288988656 [ OFF ] svr12 1288988656
16:24:39 [ SENT ] ASKPOSE 1288988656 [ TO ] svr12 1288988656
16:24:40 [ RECIEVED ] POSE 1288988656 183.424 495.074 3.13276 0.432279 [ BY ] svr12 1288988656
16:24:40 [ POPPED ] ASKPOSE 1288988656 [ OFF ] svr12 1288988656
16:24:40 [ SENT ] ASKPOSE 1288988656 [ TO ] svr12 1288988656
16:24:41 [ RECIEVED ] POSE 1288988656 182.845 495.491 3.13061 0.432895 [ BY ] svr12 1288988656
16:24:41 [ POPPED ] ASKPOSE 1288988656 [ OFF ] svr12 1288988656
16:24:41 [ SENT ] ASKPOSE 1288988656 [ TO ] svr12 1288988656
16:24:42 [ RECIEVED ] POSE 1288988656 183.684 495.575 3.13098 0.432386 [ BY ] svr12 1288988656
16:24:42 [ POPPED ] ASKPOSE 1288988656 [ OFF ] svr12 1288988656
16:24:42 [ SENT ] ASKPOSE 1288988656 [ TO ] svr12 1288988656
16:24:43 [ RECIEVED ] POSE 1288988656 183.763 495.431 3.13194 0.431655 [ BY ] svr12 1288988656
16:24:43 [ POPPED ] ASKPOSE 1288988656 [ OFF ] svr12 1288988656
16:24:43 [ SENT ] ASKPOSE 1288988656 [ TO ] svr12 1288988656
16:24:44 [ RECIEVED ] POSE 1288988656 183.845 495.223 3.13188 0.429945 [ BY ] svr12 1288988656
16:24:44 [ POPPED ] ASKPOSE 1288988656 [ OFF ] svr12 1288988656
16:24:44 [ SENT ] ASKPOSE 1288988656 [ TO ] svr12 1288988656
16:24:45 [ RECIEVED ] POSE 1288988656 184.126 495.348 3.13472 0.429646 [ BY ] svr12 1288988656
16:24:46 [ POPPED ] ASKPOSE 1288988656 [ OFF ] svr12 1288988656
16:24:46 [ SENT ] ASKPOSE 1288988656 [ TO ] svr12 1288988656
16:24:46 [ RECIEVED ] POSE 1288988656 184.346 495.357 3.13154 0.428022 [ BY ] svr12 1288988656
16:24:46 [ POPPED ] ASKPOSE 1288988656 [ OFF ] svr12 1288988656
16:24:46 [ SENT ] ASKPOSE 1288988656 [ TO ] svr12 1288988656
16:24:47 [ RECIEVED ] POSE 1288988656 184.244 495.307 3.13376 0.42687 [ BY ] svr12 1288988656
16:24:47 [ POPPED ] ASKPOSE 1288988656 [ OFF ] svr12 1288988656
16:24:47 [ SENT ] ASKPOSE 1288988656 [ TO ] svr12 1288988656
16:24:48 [ RECIEVED ] POSE 1288988656 184.749 495.569 3.1326 0.425168 [ BY ] svr12 1288988656
16:24:48 [ POPPED ] ASKPOSE 1288988656 [ OFF ] svr12 1288988656
16:24:48 [ SENT ] ASKPOSE 1288988656 [ TO ] svr12 1288988656
16:24:49 [ RECIEVED ] POSE 1288988656 184.857 495.41 3.13805 0.424015 [ BY ] svr12 1288988656
16:24:49 [ POPPED ] ASKPOSE 1288988656 [ OFF ] svr12 1288988656
16:24:49 [ SENT ] ASKPOSE 1288988656 [ TO ] svr12 1288988656
16:24:50 [ RECIEVED ] POSE 1288988656 184.84 494.947 3.13717 0.423758 [ BY ] svr12 1288988656
16:24:50 [ POPPED ] ASKPOSE 1288988656 [ OFF ] svr12 1288988656
16:24:50 [ SENT ] ASKPOSE 1288988656 [ TO ] svr12 1288988656
16:24:51 [ RECIEVED ] POSE 1288988656 184.792 495.054 3.13443 0.42122 [ BY ] svr12 1288988656
16:24:51 [ POPPED ] ASKPOSE 1288988656 [ OFF ] svr12 1288988656
16:24:51 [ SENT ] ASKPOSE 1288988656 [ TO ] svr12 1288988656
16:24:52 [ RECIEVED ] POSE 1288988656 184.675 494.661 3.13058 0.420658 [ BY ] svr12 1288988656
16:24:52 [ POPPED ] ASKPOSE 1288988656 [ OFF ] svr12 1288988656
16:24:52 [ SENT ] ASKPOSE 1288988656 [ TO ] svr12 1288988656
16:24:53 [ RECIEVED ] POSE 1288988656 184.546 494.701 3.12958 0.419791 [ BY ] svr12 1288988656
16:24:53 [ POPPED ] ASKPOSE 1288988656 [ OFF ] svr12 1288988656
16:24:53 [ SENT ] ASKPOSE 1288988656 [ TO ] svr12 1288988656
16:24:54 [ RECIEVED ] POSE 1288988656 184.717 494.744 3.13301 0.419663 [ BY ] svr12 1288988656
16:24:54 [ POPPED ] ASKPOSE 1288988656 [ OFF ] svr12 1288988656
16:24:54 [ SENT ] ASKPOSE 1288988656 [ TO ] svr12 1288988656
16:24:55 [ RECIEVED ] POSE 1288988656 184.541 494.769 3.13123 0.418336 [ BY ] svr12 1288988656
16:24:55 [ POPPED ] ASKPOSE 1288988656 [ OFF ] svr12 1288988656
16:24:55 [ SENT ] ASKPOSE 1288988656 [ TO ] svr12 1288988656
16:24:56 [ RECIEVED ] POSE 1288988656 184.524 494.936 3.13028 0.419055 [ BY ] svr12 1288988656
16:24:56 [ POPPED ] ASKPOSE 1288988656 [ OFF ] svr12 1288988656
16:24:56 [ SENT ] ASKPOSE 1288988656 [ TO ] svr12 1288988656
16:24:57 [ RECIEVED ] POSE 1288988656 184.702 494.9 3.13411 0.417186 [ BY ] svr12 1288988656
16:24:57 [ POPPED ] ASKPOSE 1288988656 [ OFF ] svr12 1288988656
16:24:57 [ SENT ] ASKPOSE 1288988656 [ TO ] svr12 1288988656
16:24:58 [ RECIEVED ] POSE 1288988656 184.869 494.94 3.13687 0.417128 [ BY ] svr12 1288988656
16:24:58 [ POPPED ] ASKPOSE 1288988656 [ OFF ] svr12 1288988656
16:24:58 [ SENT ] ASKPOSE 1288988656 [ TO ] svr12 1288988656
16:24:59 [ RECIEVED ] POSE 1288988656 184.908 494.971 3.1358 0.407602 [ BY ] svr12 1288988656
16:24:59 [ POPPED ] ASKPOSE 1288988656 [ OFF ] svr12 1288988656
16:24:59 [ SENT ] ASKPOSE 1288988656 [ TO ] svr12 1288988656
16:25:00 [ RECIEVED ] POSE 1288988656 184.908 494.971 3.1358 0.407602 [ BY ] svr12 1288988656
16:25:00 [ POPPED ] ASKPOSE 1288988656 [ OFF ] svr12 1288988656
16:25:00 [ SENT ] ASKPOSE 1288988656 [ TO ] svr12 1288988656
16:25:01 [ RECIEVED ] POSE 1288988656 184.908 494.971 3.1358 0.407602 [ BY ] svr12 1288988656
16:25:01 [ POPPED ] ASKPOSE 1288988656 [ OFF ] svr12 1288988656
16:25:01 [ SENT ] ASKPOSE 1288988656 [ TO ] svr12 1288988656
16:25:02 [ RECIEVED ] POSE 1288988656 184.908 494.971 3.1358 0.407602 [ BY ] svr12 1288988656
16:25:02 [ POPPED ] ASKPOSE 1288988656 [ OFF ] svr12 1288988656
16:25:02 [ SENT ] ASKPOSE 1288988656 [ TO ] svr12 1288988656
16:25:03 [ RECIEVED ] POSE 1288988656 184.95 495.138 3.1364 0.412481 [ BY ] svr12 1288988656
16:25:03 [ POPPED ] ASKPOSE 1288988656 [ OFF ] svr12 1288988656
16:25:03 [ SENT ] ASKPOSE 1288988656 [ TO ] svr12 1288988656
16:25:04 [ RECIEVED ] POSE 1288988656 185.152 495.3 3.13429 0.41129 [ BY ] svr12 1288988656
16:25:04 [ POPPED ] ASKPOSE 1288988656 [ OFF ] svr12 1288988656
16:25:04 [ SENT ] ASKPOSE 1288988656 [ TO ] svr12 1288988656
16:25:05 [ RECIEVED ] POSE 1288988656 185.402 495.345 3.13362 0.411258 [ BY ] svr12 1288988656
16:25:05 [ POPPED ] ASKPOSE 1288988656 [ OFF ] svr12 1288988656
16:25:05 [ SENT ] ASKPOSE 1288988656 [ TO ] svr12 1288988656
16:25:06 [ RECIEVED ] POSE 1288988656 185.276 495.15 3.13441 0.411944 [ BY ] svr12 1288988656
16:25:06 [ POPPED ] ASKPOSE 1288988656 [ OFF ] svr12 1288988656
16:25:06 [ SENT ] ASKPOSE 1288988656 [ TO ] svr12 1288988656
16:25:07 [ RECIEVED ] POSE 1288988656 184.923 495.16 3.13453 0.411136 [ BY ] svr12 1288988656
16:25:07 [ POPPED ] ASKPOSE 1288988656 [ OFF ] svr12 1288988656
16:25:07 [ SENT ] ASKPOSE 1288988656 [ TO ] svr12 1288988656
16:25:08 [ RECIEVED ] POSE 1288988656 185.074 494.719 3.13292 0.411223 [ BY ] svr12 1288988656
16:25:08 [ POPPED ] ASKPOSE 1288988656 [ OFF ] svr12 1288988656
16:25:08 [ SENT ] ASKPOSE 1288988656 [ TO ] svr12 1288988656
16:25:09 [ RECIEVED ] POSE 1288988656 185.385 494.845 3.13931 0.409832 [ BY ] svr12 1288988656
16:25:09 [ POPPED ] ASKPOSE 1288988656 [ OFF ] svr12 1288988656
16:25:09 [ SENT ] ASKPOSE 1288988656 [ TO ] svr12 1288988656
16:25:10 [ RECIEVED ] POSE 1288988656 185.852 495.068 3.13446 0.4076 [ BY ] svr12 1288988656
16:25:10 [ POPPED ] ASKPOSE 1288988656 [ OFF ] svr12 1288988656
16:25:10 [ SENT ] ASKPOSE 1288988656 [ TO ] svr12 1288988656
16:25:11 [ RECIEVED ] POSE 1288988656 185.894 495.262 3.13456 0.408015 [ BY ] svr12 1288988656
16:25:11 [ POPPED ] ASKPOSE 1288988656 [ OFF ] svr12 1288988656
16:25:11 [ SENT ] ASKPOSE 1288988656 [ TO ] svr12 1288988656
16:25:12 [ RECIEVED ] POSE 1288988656 186.049 495.112 3.13294 0.406495 [ BY ] svr12 1288988656
16:25:12 [ POPPED ] ASKPOSE 1288988656 [ OFF ] svr12 1288988656
16:25:12 [ SENT ] ASKPOSE 1288988656 [ TO ] svr12 1288988656
16:25:13 [ RECIEVED ] POSE 1288988656 186.049 495.112 3.13294 0.406495 [ BY ] svr12 1288988656
16:25:13 [ POPPED ] ASKPOSE 1288988656 [ OFF ] svr12 1288988656
16:25:14 [ SENT ] ASKPOSE 1288988656 [ TO ] svr12 1288988656
16:25:14 [ RECIEVED ] POSE 1288988656 186.36 494.855 3.13167 0.405657 [ BY ] svr12 1288988656
16:25:14 [ POPPED ] ASKPOSE 1288988656 [ OFF ] svr12 1288988656
16:25:14 [ SENT ] ASKPOSE 1288988656 [ TO ] svr12 1288988656
16:25:15 [ RECIEVED ] POSE 1288988656 186.045 495.252 3.13296 0.405316 [ BY ] svr12 1288988656
16:25:15 [ POPPED ] ASKPOSE 1288988656 [ OFF ] svr12 1288988656
16:25:15 [ SENT ] ASKPOSE 1288988656 [ TO ] svr12 1288988656
16:25:16 [ RECIEVED ] POSE 1288988656 186.28 495.562 3.13258 0.404032 [ BY ] svr12 1288988656
16:25:16 [ POPPED ] ASKPOSE 1288988656 [ OFF ] svr12 1288988656
16:25:16 [ SENT ] ASKPOSE 1288988656 [ TO ] svr12 1288988656
16:25:17 [ RECIEVED ] POSE 1288988656 186.292 495.637 3.1339 0.405434 [ BY ] svr12 1288988656
16:25:17 [ POPPED ] ASKPOSE 1288988656 [ OFF ] svr12 1288988656
16:25:17 [ SENT ] ASKPOSE 1288988656 [ TO ] svr12 1288988656
16:25:18 [ RECIEVED ] POSE 1288988656 186.584 495.514 3.13544 0.407401 [ BY ] svr12 1288988656
16:25:18 [ POPPED ] ASKPOSE 1288988656 [ OFF ] svr12 1288988656
16:25:18 [ SENT ] ASKPOSE 1288988656 [ TO ] svr12 1288988656
16:25:19 [ RECIEVED ] POSE 1288988656 186.571 495.421 3.13702 0.406353 [ BY ] svr12 1288988656
16:25:19 [ POPPED ] ASKPOSE 1288988656 [ OFF ] svr12 1288988656
16:25:19 [ SENT ] ASKPOSE 1288988656 [ TO ] svr12 1288988656
16:25:20 [ RECIEVED ] POSE 1288988656 186.705 495.674 3.13694 0.40528 [ BY ] svr12 1288988656
16:25:20 [ POPPED ] ASKPOSE 1288988656 [ OFF ] svr12 1288988656
16:25:20 [ SENT ] ASKPOSE 1288988656 [ TO ] svr12 1288988656
16:25:21 [ RECIEVED ] POSE 1288988656 186.547 496.087 3.14035 0.407394 [ BY ] svr12 1288988656
16:25:21 [ POPPED ] ASKPOSE 1288988656 [ OFF ] svr12 1288988656
16:25:21 [ SENT ] ASKPOSE 1288988656 [ TO ] svr12 1288988656
16:25:22 [ RECIEVED ] POSE 1288988656 186.566 495.665 3.13789 0.406509 [ BY ] svr12 1288988656
16:25:22 [ POPPED ] ASKPOSE 1288988656 [ OFF ] svr12 1288988656
16:25:22 [ SENT ] ASKPOSE 1288988656 [ TO ] svr12 1288988656
16:25:23 [ RECIEVED ] POSE 1288988656 186.261 495.512 3.13828 0.408135 [ BY ] svr12 1288988656
16:25:23 [ POPPED ] ASKPOSE 1288988656 [ OFF ] svr12 1288988656
16:25:23 [ SENT ] ASKPOSE 1288988656 [ TO ] svr12 1288988656
16:25:24 [ RECIEVED ] POSE 1288988656 186.354 495.38 3.13811 0.407929 [ BY ] svr12 1288988656
16:25:24 [ POPPED ] ASKPOSE 1288988656 [ OFF ] svr12 1288988656
16:25:24 [ SENT ] ASKPOSE 1288988656 [ TO ] svr12 1288988656
16:25:25 [ RECIEVED ] POSE 1288988656 186.442 495.233 3.14014 0.409693 [ BY ] svr12 1288988656
16:25:25 [ POPPED ] ASKPOSE 1288988656 [ OFF ] svr12 1288988656
16:25:25 [ SENT ] ASKPOSE 1288988656 [ TO ] svr12 1288988656
16:25:26 [ RECIEVED ] POSE 1288988656 186.597 495.403 3.13952 0.409364 [ BY ] svr12 1288988656
16:25:26 [ POPPED ] ASKPOSE 1288988656 [ OFF ] svr12 1288988656
16:25:26 [ SENT ] ASKPOSE 1288988656 [ TO ] svr12 1288988656
16:25:27 [ RECIEVED ] POSE 1288988656 186.597 495.403 3.13952 0.409364 [ BY ] svr12 1288988656
16:25:27 [ POPPED ] ASKPOSE 1288988656 [ OFF ] svr12 1288988656
16:25:27 [ SENT ] ASKPOSE 1288988656 [ TO ] svr12 1288988656
16:25:28 [ RECIEVED ] POSE 1288988656 186.597 495.403 3.13952 0.409364 [ BY ] svr12 1288988656
16:25:28 [ POPPED ] ASKPOSE 1288988656 [ OFF ] svr12 1288988656
16:25:28 [ SENT ] ASKPOSE 1288988656 [ TO ] svr12 1288988656
16:25:29 [ RECIEVED ] POSE 1288988656 186.597 495.403 3.13952 0.409364 [ BY ] svr12 1288988656
16:25:29 [ POPPED ] ASKPOSE 1288988656 [ OFF ] svr12 1288988656
16:25:29 [ SENT ] ASKPOSE 1288988656 [ TO ] svr12 1288988656
16:25:30 [ RECIEVED ] POSE 1288988656 186.793 495.56 3.13824 0.407979 [ BY ] svr12 1288988656
16:25:30 [ POPPED ] ASKPOSE 1288988656 [ OFF ] svr12 1288988656
16:25:30 [ SENT ] ASKPOSE 1288988656 [ TO ] svr12 1288988656
16:25:31 [ RECIEVED ] POSE 1288988656 186.793 495.56 3.13824 0.407979 [ BY ] svr12 1288988656
16:25:32 [ POPPED ] ASKPOSE 1288988656 [ OFF ] svr12 1288988656
16:25:32 [ SENT ] ASKPOSE 1288988656 [ TO ] svr12 1288988656
16:25:32 [ RECIEVED ] POSE 1288988656 186.793 495.56 3.13824 0.407979 [ BY ] svr12 1288988656
16:25:32 [ POPPED ] ASKPOSE 1288988656 [ OFF ] svr12 1288988656
16:25:32 [ SENT ] ASKPOSE 1288988656 [ TO ] svr12 1288988656
16:25:33 [ RECIEVED ] POSE 1288988656 186.793 495.56 3.13824 0.407979 [ BY ] svr12 1288988656
16:25:33 [ POPPED ] ASKPOSE 1288988656 [ OFF ] svr12 1288988656
16:25:33 [ SENT ] ASKPOSE 1288988656 [ TO ] svr12 1288988656
16:25:34 [ RECIEVED ] POSE 1288988656 186.71 495.652 3.13837 0.406568 [ BY ] svr12 1288988656
16:25:34 [ POPPED ] ASKPOSE 1288988656 [ OFF ] svr12 1288988656
16:25:35 [ SENT ] ASKPOSE 1288988656 [ TO ] svr12 1288988656
16:25:35 [ RECIEVED ] POSE 1288988656 186.702 495.543 3.1362 0.40425 [ BY ] svr12 1288988656
16:25:35 [ POPPED ] ASKPOSE 1288988656 [ OFF ] svr12 1288988656
16:25:35 [ SENT ] ASKPOSE 1288988656 [ TO ] svr12 1288988656
16:25:36 [ RECIEVED ] POSE 1288988656 186.622 495.535 3.13556 0.40384 [ BY ] svr12 1288988656
16:25:36 [ POPPED ] ASKPOSE 1288988656 [ OFF ] svr12 1288988656
16:25:36 [ SENT ] ASKPOSE 1288988656 [ TO ] svr12 1288988656
16:25:37 [ RECIEVED ] POSE 1288988656 186.622 495.535 3.13556 0.40384 [ BY ] svr12 1288988656
16:25:38 [ POPPED ] ASKPOSE 1288988656 [ OFF ] svr12 1288988656
16:25:38 [ SENT ] ASKPOSE 1288988656 [ TO ] svr12 1288988656
16:25:38 [ RECIEVED ] POSE 1288988656 186.622 495.535 3.13556 0.40384 [ BY ] svr12 1288988656
16:25:39 [ POPPED ] ASKPOSE 1288988656 [ OFF ] svr12 1288988656
16:25:39 [ SENT ] ASKPOSE 1288988656 [ TO ] svr12 1288988656
16:25:39 [ RECIEVED ] POSE 1288988656 186.671 494.996 3.13317 0.401585 [ BY ] svr12 1288988656
16:25:40 [ POPPED ] ASKPOSE 1288988656 [ OFF ] svr12 1288988656
16:25:40 [ SENT ] ASKPOSE 1288988656 [ TO ] svr12 1288988656
16:25:40 [ RECIEVED ] POSE 1288988656 186.708 494.924 3.13189 0.402962 [ BY ] svr12 1288988656
16:25:41 [ POPPED ] ASKPOSE 1288988656 [ OFF ] svr12 1288988656
16:25:41 [ SENT ] ASKPOSE 1288988656 [ TO ] svr12 1288988656
16:25:41 [ RECIEVED ] POSE 1288988656 186.837 495.166 3.13555 0.399584 [ BY ] svr12 1288988656
16:25:42 [ POPPED ] ASKPOSE 1288988656 [ OFF ] svr12 1288988656
16:25:42 [ SENT ] ASKPOSE 1288988656 [ TO ] svr12 1288988656
16:25:42 [ RECIEVED ] POSE 1288988656 187.138 495.583 3.13251 0.399982 [ BY ] svr12 1288988656
16:25:42 [ POPPED ] ASKPOSE 1288988656 [ OFF ] svr12 1288988656
16:25:42 [ SENT ] ASKPOSE 1288988656 [ TO ] svr12 1288988656
16:25:43 [ RECIEVED ] POSE 1288988656 187.017 495.493 3.1311 0.400443 [ BY ] svr12 1288988656
16:25:43 [ POPPED ] ASKPOSE 1288988656 [ OFF ] svr12 1288988656
16:25:43 [ SENT ] ASKPOSE 1288988656 [ TO ] svr12 1288988656
16:25:44 [ RECIEVED ] POSE 1288988656 186.837 495.558 3.13388 0.401235 [ BY ] svr12 1288988656
16:25:45 [ POPPED ] ASKPOSE 1288988656 [ OFF ] svr12 1288988656
16:25:45 [ SENT ] ASKPOSE 1288988656 [ TO ] svr12 1288988656
16:25:45 [ RECIEVED ] POSE 1288988656 187.338 495.548 3.13272 0.40029 [ BY ] svr12 1288988656
16:25:45 [ POPPED ] ASKPOSE 1288988656 [ OFF ] svr12 1288988656
16:25:45 [ SENT ] ASKPOSE 1288988656 [ TO ] svr12 1288988656
16:25:46 [ RECIEVED ] POSE 1288988656 187.558 495.237 3.13428 0.400781 [ BY ] svr12 1288988656
16:25:47 [ POPPED ] ASKPOSE 1288988656 [ OFF ] svr12 1288988656
16:25:47 [ SENT ] ASKPOSE 1288988656 [ TO ] svr12 1288988656
16:25:47 [ RECIEVED ] POSE 1288988656 187.104 495.301 3.13786 0.399881 [ BY ] svr12 1288988656
16:25:48 [ POPPED ] ASKPOSE 1288988656 [ OFF ] svr12 1288988656
16:25:48 [ SENT ] ASKPOSE 1288988656 [ TO ] svr12 1288988656
16:25:48 [ RECIEVED ] POSE 1288988656 186.957 495.29 3.13655 0.399096 [ BY ] svr12 1288988656
16:25:48 [ POPPED ] ASKPOSE 1288988656 [ OFF ] svr12 1288988656
16:25:48 [ SENT ] ASKPOSE 1288988656 [ TO ] svr12 1288988656
16:25:49 [ RECIEVED ] POSE 1288988656 187.032 495.304 3.13961 0.398057 [ BY ] svr12 1288988656
16:25:50 [ POPPED ] ASKPOSE 1288988656 [ OFF ] svr12 1288988656
16:25:50 [ SENT ] ASKPOSE 1288988656 [ TO ] svr12 1288988656
16:25:50 [ RECIEVED ] POSE 1288988656 186.982 495.32 3.13892 0.398248 [ BY ] svr12 1288988656
16:25:50 [ POPPED ] ASKPOSE 1288988656 [ OFF ] svr12 1288988656
16:25:50 [ SENT ] ASKPOSE 1288988656 [ TO ] svr12 1288988656
16:25:51 [ RECIEVED ] POSE 1288988656 187.155 495.444 3.13429 0.397668 [ BY ] svr12 1288988656
16:25:52 [ POPPED ] ASKPOSE 1288988656 [ OFF ] svr12 1288988656
16:25:52 [ SENT ] ASKPOSE 1288988656 [ TO ] svr12 1288988656
16:25:52 [ RECIEVED ] POSE 1288988656 187.678 495.248 3.13593 0.398339 [ BY ] svr12 1288988656
16:25:52 [ POPPED ] ASKPOSE 1288988656 [ OFF ] svr12 1288988656
16:25:52 [ SENT ] ASKPOSE 1288988656 [ TO ] svr12 1288988656
16:25:53 [ RECIEVED ] POSE 1288988656 187.469 495.586 3.1346 0.397059 [ BY ] svr12 1288988656
16:25:53 [ POPPED ] ASKPOSE 1288988656 [ OFF ] svr12 1288988656
16:25:53 [ SENT ] ASKPOSE 1288988656 [ TO ] svr12 1288988656
16:25:54 [ RECIEVED ] POSE 1288988656 187.855 495.577 3.13583 0.396409 [ BY ] svr12 1288988656
16:25:55 [ POPPED ] ASKPOSE 1288988656 [ OFF ] svr12 1288988656
16:25:55 [ SENT ] ASKPOSE 1288988656 [ TO ] svr12 1288988656
16:25:55 [ RECIEVED ] POSE 1288988656 187.48 495.272 3.13525 0.396553 [ BY ] svr12 1288988656
16:25:55 [ POPPED ] ASKPOSE 1288988656 [ OFF ] svr12 1288988656
16:25:55 [ SENT ] ASKPOSE 1288988656 [ TO ] svr12 1288988656
16:25:56 [ RECIEVED ] POSE 1288988656 187.402 495.181 3.13676 0.394926 [ BY ] svr12 1288988656
16:25:57 [ POPPED ] ASKPOSE 1288988656 [ OFF ] svr12 1288988656
16:25:57 [ SENT ] ASKPOSE 1288988656 [ TO ] svr12 1288988656
16:25:57 [ RECIEVED ] POSE 1288988656 187.622 495.3 3.13561 0.394468 [ BY ] svr12 1288988656
16:25:58 [ POPPED ] ASKPOSE 1288988656 [ OFF ] svr12 1288988656
16:25:58 [ SENT ] ASKPOSE 1288988656 [ TO ] svr12 1288988656
16:25:58 [ RECIEVED ] POSE 1288988656 187.749 495.416 3.13637 0.392039 [ BY ] svr12 1288988656
16:25:58 [ POPPED ] ASKPOSE 1288988656 [ OFF ] svr12 1288988656
16:25:58 [ SENT ] ASKPOSE 1288988656 [ TO ] svr12 1288988656
16:25:59 [ RECIEVED ] POSE 1288988656 187.343 495.435 3.13755 0.394579 [ BY ] svr12 1288988656
16:26:00 [ POPPED ] ASKPOSE 1288988656 [ OFF ] svr12 1288988656
16:26:00 [ SENT ] ASKPOSE 1288988656 [ TO ] svr12 1288988656
16:26:00 [ RECIEVED ] POSE 1288988656 187.357 495.281 3.13805 0.394626 [ BY ] svr12 1288988656
16:26:01 [ POPPED ] ASKPOSE 1288988656 [ OFF ] svr12 1288988656
16:26:01 [ SENT ] ASKPOSE 1288988656 [ TO ] svr12 1288988656
16:26:01 [ RECIEVED ] POSE 1288988656 186.91 495.368 3.13678 0.392645 [ BY ] svr12 1288988656
16:26:01 [ POPPED ] ASKPOSE 1288988656 [ OFF ] svr12 1288988656
16:26:01 [ SENT ] ASKPOSE 1288988656 [ TO ] svr12 1288988656
16:26:02 [ RECIEVED ] POSE 1288988656 187.01 495.14 3.13494 0.392153 [ BY ] svr12 1288988656
16:26:03 [ POPPED ] ASKPOSE 1288988656 [ OFF ] svr12 1288988656
16:26:03 [ SENT ] ASKPOSE 1288988656 [ TO ] svr12 1288988656
16:26:03 [ RECIEVED ] POSE 1288988656 187.125 495.279 3.1362 0.389655 [ BY ] svr12 1288988656
16:26:04 [ POPPED ] ASKPOSE 1288988656 [ OFF ] svr12 1288988656
16:26:04 [ SENT ] ASKPOSE 1288988656 [ TO ] svr12 1288988656
16:26:04 [ RECIEVED ] POSE 1288988656 187.17 495.221 3.13752 0.391371 [ BY ] svr12 1288988656
16:26:04 [ POPPED ] ASKPOSE 1288988656 [ OFF ] svr12 1288988656
16:26:04 [ SENT ] ASKPOSE 1288988656 [ TO ] svr12 1288988656
16:26:05 [ RECIEVED ] POSE 1288988656 187.292 495.501 3.13822 0.389151 [ BY ] svr12 1288988656
16:26:06 [ POPPED ] ASKPOSE 1288988656 [ OFF ] svr12 1288988656
16:26:06 [ SENT ] ASKPOSE 1288988656 [ TO ] svr12 1288988656
16:26:06 [ RECIEVED ] POSE 1288988656 187.479 495.847 3.13413 0.391562 [ BY ] svr12 1288988656
16:26:07 [ POPPED ] ASKPOSE 1288988656 [ OFF ] svr12 1288988656
16:26:07 [ SENT ] ASKPOSE 1288988656 [ TO ] svr12 1288988656
16:26:07 [ RECIEVED ] POSE 1288988656 187.673 495.446 3.13889 0.390851 [ BY ] svr12 1288988656
16:26:07 [ POPPED ] ASKPOSE 1288988656 [ OFF ] svr12 1288988656
16:26:07 [ SENT ] ASKPOSE 1288988656 [ TO ] svr12 1288988656
16:26:08 [ RECIEVED ] POSE 1288988656 188.112 495.385 3.13666 0.391956 [ BY ] svr12 1288988656
16:26:08 [ POPPED ] ASKPOSE 1288988656 [ OFF ] svr12 1288988656
16:26:09 [ SENT ] ASKPOSE 1288988656 [ TO ] svr12 1288988656
16:26:09 [ RECIEVED ] POSE 1288988656 188.506 495.665 3.13744 0.392581 [ BY ] svr12 1288988656
16:26:10 [ POPPED ] ASKPOSE 1288988656 [ OFF ] svr12 1288988656
16:26:10 [ SENT ] ASKPOSE 1288988656 [ TO ] svr12 1288988656
16:26:10 [ RECIEVED ] POSE 1288988656 188.359 495.937 3.13537 0.392677 [ BY ] svr12 1288988656
16:26:10 [ POPPED ] ASKPOSE 1288988656 [ OFF ] svr12 1288988656
16:26:11 [ SENT ] ASKPOSE 1288988656 [ TO ] svr12 1288988656
16:26:11 [ RECIEVED ] POSE 1288988656 188.52 495.811 3.13713 0.392252 [ BY ] svr12 1288988656
16:26:11 [ POPPED ] ASKPOSE 1288988656 [ OFF ] svr12 1288988656
16:26:11 [ SENT ] ASKPOSE 1288988656 [ TO ] svr12 1288988656
16:26:12 [ RECIEVED ] POSE 1288988656 188.422 495.812 3.13815 0.393461 [ BY ] svr12 1288988656
16:26:12 [ POPPED ] ASKPOSE 1288988656 [ OFF ] svr12 1288988656
16:26:13 [ SENT ] ASKPOSE 1288988656 [ TO ] svr12 1288988656
16:26:13 [ RECIEVED ] POSE 1288988656 188.056 495.382 3.13806 0.393954 [ BY ] svr12 1288988656
16:26:14 [ POPPED ] ASKPOSE 1288988656 [ OFF ] svr12 1288988656
16:26:14 [ SENT ] ASKPOSE 1288988656 [ TO ] svr12 1288988656
16:26:14 [ RECIEVED ] POSE 1288988656 187.975 495.304 3.13883 0.391979 [ BY ] svr12 1288988656
16:26:14 [ POPPED ] ASKPOSE 1288988656 [ OFF ] svr12 1288988656
16:26:15 [ SENT ] ASKPOSE 1288988656 [ TO ] svr12 1288988656
16:26:15 [ RECIEVED ] POSE 1288988656 187.85 495.36 3.13695 0.392507 [ BY ] svr12 1288988656
16:26:16 [ POPPED ] ASKPOSE 1288988656 [ OFF ] svr12 1288988656
16:26:16 [ SENT ] ASKPOSE 1288988656 [ TO ] svr12 1288988656
16:26:16 [ RECIEVED ] POSE 1288988656 188.418 495.406 3.13901 0.393861 [ BY ] svr12 1288988656
16:26:16 [ POPPED ] ASKPOSE 1288988656 [ OFF ] svr12 1288988656
16:26:16 [ SENT ] ASKPOSE 1288988656 [ TO ] svr12 1288988656
16:26:17 [ RECIEVED ] POSE 1288988656 188.268 495.146 3.14023 0.39075 [ BY ] svr12 1288988656
16:26:18 [ POPPED ] ASKPOSE 1288988656 [ OFF ] svr12 1288988656
16:26:18 [ SENT ] ASKPOSE 1288988656 [ TO ] svr12 1288988656
16:26:18 [ RECIEVED ] POSE 1288988656 188.268 495.146 3.14023 0.39075 [ BY ] svr12 1288988656
16:26:18 [ POPPED ] ASKPOSE 1288988656 [ OFF ] svr12 1288988656
16:26:18 [ SENT ] ASKPOSE 1288988656 [ TO ] svr12 1288988656
16:26:19 [ RECIEVED ] POSE 1288988656 188.665 495.399 3.13907 0.393117 [ BY ] svr12 1288988656
16:26:20 [ POPPED ] ASKPOSE 1288988656 [ OFF ] svr12 1288988656
16:26:20 [ SENT ] ASKPOSE 1288988656 [ TO ] svr12 1288988656
16:26:20 [ RECIEVED ] POSE 1288988656 188.538 495.724 3.13894 0.391418 [ BY ] svr12 1288988656
16:26:21 [ POPPED ] ASKPOSE 1288988656 [ OFF ] svr12 1288988656
16:26:21 [ SENT ] ASKPOSE 1288988656 [ TO ] svr12 1288988656
16:26:21 [ RECIEVED ] POSE 1288988656 188.596 495.658 3.13989 0.391731 [ BY ] svr12 1288988656
16:26:22 [ POPPED ] ASKPOSE 1288988656 [ OFF ] svr12 1288988656
16:26:22 [ SENT ] ASKPOSE 1288988656 [ TO ] svr12 1288988656
16:26:22 [ RECIEVED ] POSE 1288988656 188.089 495.999 3.13496 0.390242 [ BY ] svr12 1288988656
16:26:23 [ POPPED ] ASKPOSE 1288988656 [ OFF ] svr12 1288988656
16:26:23 [ SENT ] ASKPOSE 1288988656 [ TO ] svr12 1288988656
16:26:23 [ RECIEVED ] POSE 1288988656 188.264 495.651 3.13536 0.392339 [ BY ] svr12 1288988656
16:26:24 [ POPPED ] ASKPOSE 1288988656 [ OFF ] svr12 1288988656
16:26:24 [ SENT ] ASKPOSE 1288988656 [ TO ] svr12 1288988656
16:26:24 [ RECIEVED ] POSE 1288988656 188.785 496.097 3.1355 0.392602 [ BY ] svr12 1288988656
16:26:24 [ POPPED ] ASKPOSE 1288988656 [ OFF ] svr12 1288988656
16:26:24 [ SENT ] ASKPOSE 1288988656 [ TO ] svr12 1288988656
16:26:25 [ RECIEVED ] POSE 1288988656 188.931 496.256 3.13725 0.392363 [ BY ] svr12 1288988656
16:26:26 [ POPPED ] ASKPOSE 1288988656 [ OFF ] svr12 1288988656
16:26:26 [ SENT ] ASKPOSE 1288988656 [ TO ] svr12 1288988656
16:26:26 [ RECIEVED ] POSE 1288988656 188.931 496.256 3.13725 0.392363 [ BY ] svr12 1288988656
16:26:27 [ POPPED ] ASKPOSE 1288988656 [ OFF ] svr12 1288988656
16:26:27 [ SENT ] ASKPOSE 1288988656 [ TO ] svr12 1288988656
16:26:27 [ RECIEVED ] POSE 1288988656 188.931 496.256 3.13725 0.392363 [ BY ] svr12 1288988656
16:26:27 [ POPPED ] ASKPOSE 1288988656 [ OFF ] svr12 1288988656
16:26:27 [ SENT ] ASKPOSE 1288988656 [ TO ] svr12 1288988656
16:26:28 [ RECIEVED ] POSE 1288988656 188.931 496.256 3.13725 0.392363 [ BY ] svr12 1288988656
16:26:29 [ POPPED ] ASKPOSE 1288988656 [ OFF ] svr12 1288988656
16:26:29 [ SENT ] ASKPOSE 1288988656 [ TO ] svr12 1288988656
16:26:29 [ RECIEVED ] POSE 1288988656 188.931 496.256 3.13725 0.392363 [ BY ] svr12 1288988656
16:26:30 [ POPPED ] ASKPOSE 1288988656 [ OFF ] svr12 1288988656
16:26:30 [ SENT ] ASKPOSE 1288988656 [ TO ] svr12 1288988656
16:26:30 [ RECIEVED ] POSE 1288988656 188.931 496.256 3.13725 0.392363 [ BY ] svr12 1288988656
16:26:31 [ POPPED ] ASKPOSE 1288988656 [ OFF ] svr12 1288988656
16:26:31 [ SENT ] ASKPOSE 1288988656 [ TO ] svr12 1288988656
16:26:31 [ RECIEVED ] POSE 1288988656 188.931 496.256 3.13725 0.392363 [ BY ] svr12 1288988656
16:26:32 [ POPPED ] ASKPOSE 1288988656 [ OFF ] svr12 1288988656
16:26:32 [ SENT ] ASKPOSE 1288988656 [ TO ] svr12 1288988656
16:26:32 [ RECIEVED ] POSE 1288988656 188.931 496.256 3.13725 0.392363 [ BY ] svr12 1288988656
16:26:33 [ POPPED ] ASKPOSE 1288988656 [ OFF ] svr12 1288988656
16:26:33 [ SENT ] ASKPOSE 1288988656 [ TO ] svr12 1288988656
16:26:33 [ RECIEVED ] POSE 1288988656 188.931 496.256 3.13725 0.392363 [ BY ] svr12 1288988656
16:26:34 [ POPPED ] ASKPOSE 1288988656 [ OFF ] svr12 1288988656
16:26:34 [ SENT ] ASKPOSE 1288988656 [ TO ] svr12 1288988656
16:26:34 [ RECIEVED ] POSE 1288988656 188.931 496.256 3.13725 0.392363 [ BY ] svr12 1288988656
16:26:34 [ POPPED ] ASKPOSE 1288988656 [ OFF ] svr12 1288988656
16:26:34 [ SENT ] ASKPOSE 1288988656 [ TO ] svr12 1288988656
16:26:35 [ RECIEVED ] POSE 1288988656 188.931 496.256 3.13725 0.392363 [ BY ] svr12 1288988656
16:26:35 [ POPPED ] ASKPOSE 1288988656 [ OFF ] svr12 1288988656
16:26:35 [ SENT ] ASKPOSE 1288988656 [ TO ] svr12 1288988656
16:26:36 [ RECIEVED ] POSE 1288988656 188.931 496.256 3.13725 0.392363 [ BY ] svr12 1288988656
16:26:37 [ POPPED ] ASKPOSE 1288988656 [ OFF ] svr12 1288988656
16:26:37 [ SENT ] ASKPOSE 1288988656 [ TO ] svr12 1288988656
16:26:37 [ RECIEVED ] POSE 1288988656 188.931 496.256 3.13725 0.392363 [ BY ] svr12 1288988656
16:26:38 [ POPPED ] ASKPOSE 1288988656 [ OFF ] svr12 1288988656
16:26:38 [ SENT ] ASKPOSE 1288988656 [ TO ] svr12 1288988656
16:26:38 [ RECIEVED ] POSE 1288988656 188.931 496.256 3.13725 0.392363 [ BY ] svr12 1288988656
16:26:38 [ POPPED ] ASKPOSE 1288988656 [ OFF ] svr12 1288988656
16:26:38 [ SENT ] ASKPOSE 1288988656 [ TO ] svr12 1288988656
16:26:39 [ RECIEVED ] POSE 1288988656 188.931 496.256 3.13725 0.392363 [ BY ] svr12 1288988656
16:26:40 [ POPPED ] ASKPOSE 1288988656 [ OFF ] svr12 1288988656
16:26:40 [ SENT ] ASKPOSE 1288988656 [ TO ] svr12 1288988656
16:26:40 [ RECIEVED ] POSE 1288988656 188.931 496.256 3.13725 0.392363 [ BY ] svr12 1288988656
16:26:41 [ POPPED ] ASKPOSE 1288988656 [ OFF ] svr12 1288988656
16:26:41 [ SENT ] ASKPOSE 1288988656 [ TO ] svr12 1288988656
16:26:41 [ RECIEVED ] POSE 1288988656 188.931 496.256 3.13725 0.392363 [ BY ] svr12 1288988656
16:26:42 [ POPPED ] ASKPOSE 1288988656 [ OFF ] svr12 1288988656
16:26:42 [ SENT ] ASKPOSE 1288988656 [ TO ] svr12 1288988656
16:26:42 [ RECIEVED ] POSE 1288988656 188.931 496.256 3.13725 0.392363 [ BY ] svr12 1288988656
16:26:43 [ POPPED ] ASKPOSE 1288988656 [ OFF ] svr12 1288988656
16:26:43 [ SENT ] ASKPOSE 1288988656 [ TO ] svr12 1288988656
16:26:43 [ RECIEVED ] POSE 1288988656 188.931 496.256 3.13725 0.392363 [ BY ] svr12 1288988656
16:26:43 [ POPPED ] ASKPOSE 1288988656 [ OFF ] svr12 1288988656
16:26:43 [ SENT ] ASKPOSE 1288988656 [ TO ] svr12 1288988656
16:26:44 [ RECIEVED ] POSE 1288988656 188.931 496.256 3.13725 0.392363 [ BY ] svr12 1288988656
16:26:45 [ POPPED ] ASKPOSE 1288988656 [ OFF ] svr12 1288988656
16:26:45 [ SENT ] ASKPOSE 1288988656 [ TO ] svr12 1288988656
16:26:45 [ RECIEVED ] POSE 1288988656 188.931 496.256 3.13725 0.392363 [ BY ] svr12 1288988656
16:26:46 [ POPPED ] ASKPOSE 1288988656 [ OFF ] svr12 1288988656
16:26:46 [ SENT ] ASKPOSE 1288988656 [ TO ] svr12 1288988656
16:26:46 [ RECIEVED ] POSE 1288988656 188.931 496.256 3.13725 0.392363 [ BY ] svr12 1288988656
16:26:47 [ POPPED ] ASKPOSE 1288988656 [ OFF ] svr12 1288988656
16:26:47 [ SENT ] ASKPOSE 1288988656 [ TO ] svr12 1288988656
16:26:47 [ RECIEVED ] POSE 1288988656 188.931 496.256 3.13725 0.392363 [ BY ] svr12 1288988656
16:26:47 [ POPPED ] ASKPOSE 1288988656 [ OFF ] svr12 1288988656
16:26:47 [ SENT ] ASKPOSE 1288988656 [ TO ] svr12 1288988656
16:26:48 [ RECIEVED ] POSE 1288988656 188.931 496.256 3.13725 0.392363 [ BY ] svr12 1288988656
16:26:49 [ POPPED ] ASKPOSE 1288988656 [ OFF ] svr12 1288988656
16:26:49 [ SENT ] ASKPOSE 1288988656 [ TO ] svr12 1288988656
16:26:49 [ RECIEVED ] POSE 1288988656 188.931 496.256 3.13725 0.392363 [ BY ] svr12 1288988656
16:26:49 [ POPPED ] ASKPOSE 1288988656 [ OFF ] svr12 1288988656
16:26:49 [ SENT ] ASKPOSE 1288988656 [ TO ] svr12 1288988656
16:26:50 [ RECIEVED ] POSE 1288988656 188.931 496.256 3.13725 0.392363 [ BY ] svr12 1288988656
16:26:50 [ POPPED ] ASKPOSE 1288988656 [ OFF ] svr12 1288988656
16:26:51 [ SENT ] ASKPOSE 1288988656 [ TO ] svr12 1288988656
16:26:51 [ RECIEVED ] POSE 1288988656 188.931 496.256 3.13725 0.392363 [ BY ] svr12 1288988656
16:26:52 [ POPPED ] ASKPOSE 1288988656 [ OFF ] svr12 1288988656
16:26:52 [ SENT ] ASKPOSE 1288988656 [ TO ] svr12 1288988656
16:26:52 [ RECIEVED ] POSE 1288988656 188.931 496.256 3.13725 0.392363 [ BY ] svr12 1288988656
16:26:52 [ POPPED ] ASKPOSE 1288988656 [ OFF ] svr12 1288988656
16:26:52 [ SENT ] ASKPOSE 1288988656 [ TO ] svr12 1288988656
16:26:53 [ RECIEVED ] POSE 1288988656 188.931 496.256 3.13725 0.392363 [ BY ] svr12 1288988656
16:26:54 [ POPPED ] ASKPOSE 1288988656 [ OFF ] svr12 1288988656
16:26:54 [ SENT ] ASKPOSE 1288988656 [ TO ] svr12 1288988656
16:26:54 [ RECIEVED ] POSE 1288988656 188.931 496.256 3.13725 0.392363 [ BY ] svr12 1288988656
16:26:55 [ POPPED ] ASKPOSE 1288988656 [ OFF ] svr12 1288988656
16:26:55 [ SENT ] ASKPOSE 1288988656 [ TO ] svr12 1288988656
16:26:55 [ RECIEVED ] POSE 1288988656 188.931 496.256 3.13725 0.392363 [ BY ] svr12 1288988656
16:26:56 [ POPPED ] ASKPOSE 1288988656 [ OFF ] svr12 1288988656
16:26:56 [ SENT ] ASKPOSE 1288988656 [ TO ] svr12 1288988656
16:26:56 [ RECIEVED ] POSE 1288988656 188.931 496.256 3.13725 0.392363 [ BY ] svr12 1288988656
16:26:57 [ POPPED ] ASKPOSE 1288988656 [ OFF ] svr12 1288988656
16:26:57 [ SENT ] ASKPOSE 1288988656 [ TO ] svr12 1288988656
16:26:57 [ RECIEVED ] POSE 1288988656 188.931 496.256 3.13725 0.392363 [ BY ] svr12 1288988656
16:26:58 [ POPPED ] ASKPOSE 1288988656 [ OFF ] svr12 1288988656
16:26:58 [ SENT ] ASKPOSE 1288988656 [ TO ] svr12 1288988656
16:26:58 [ RECIEVED ] POSE 1288988656 188.931 496.256 3.13725 0.392363 [ BY ] svr12 1288988656
16:26:59 [ POPPED ] ASKPOSE 1288988656 [ OFF ] svr12 1288988656
16:26:59 [ SENT ] ASKPOSE 1288988656 [ TO ] svr12 1288988656
16:26:59 [ RECIEVED ] POSE 1288988656 188.931 496.256 3.13725 0.392363 [ BY ] svr12 1288988656
16:27:00 [ POPPED ] ASKPOSE 1288988656 [ OFF ] svr12 1288988656
16:27:00 [ SENT ] ASKPOSE 1288988656 [ TO ] svr12 1288988656
16:27:00 [ RECIEVED ] POSE 1288988656 188.931 496.256 3.13725 0.392363 [ BY ] svr12 1288988656
16:27:01 [ POPPED ] ASKPOSE 1288988656 [ OFF ] svr12 1288988656
16:27:01 [ SENT ] ASKPOSE 1288988656 [ TO ] svr12 1288988656
16:27:01 [ ERROR ] reading message in client_handler [ ERROR ] svr12 1288988656
16:27:06 [ STATUS ] server socket created/listen/accepted [ STATUS ] SKYGRID 0
16:27:06 [ RECIEVED ] INIT surveyor svr12 1 position2d [ BY ] svr12 1288988826
16:27:06 [ SENT ] ACK 1288988826 [ TO ] svr12 1288988826
16:27:07 [ POPPED ] ASKPOSE 1288988826 [ OFF ] svr12 1288988826
16:27:07 [ SENT ] ASKPOSE 1288988826 [ TO ] svr12 1288988826
16:27:07 [ RECIEVED ] POSE 1288988826 293.932 284.694 1.26264 0.0036 [ BY ] svr12 1288988826
16:27:08 [ POPPED ] ASKPOSE 1288988826 [ OFF ] svr12 1288988826
16:27:08 [ SENT ] ASKPOSE 1288988826 [ TO ] svr12 1288988826
16:27:08 [ RECIEVED ] POSE 1288988826 293.932 284.694 1.26264 0.0036 [ BY ] svr12 1288988826
16:27:09 [ POPPED ] ASKPOSE 1288988826 [ OFF ] svr12 1288988826
16:27:09 [ SENT ] ASKPOSE 1288988826 [ TO ] svr12 1288988826
16:27:09 [ RECIEVED ] POSE 1288988826 293.932 284.694 1.26264 0.0036 [ BY ] svr12 1288988826
16:27:10 [ POPPED ] ASKPOSE 1288988826 [ OFF ] svr12 1288988826
16:27:10 [ SENT ] ASKPOSE 1288988826 [ TO ] svr12 1288988826
16:27:10 [ RECIEVED ] POSE 1288988826 293.932 284.694 1.26264 0.0036 [ BY ] svr12 1288988826
16:27:11 [ POPPED ] ASKPOSE 1288988826 [ OFF ] svr12 1288988826
16:27:11 [ SENT ] ASKPOSE 1288988826 [ TO ] svr12 1288988826
16:27:11 [ RECIEVED ] POSE 1288988826 293.932 284.694 1.26264 0.0036 [ BY ] svr12 1288988826
16:27:12 [ POPPED ] ASKPOSE 1288988826 [ OFF ] svr12 1288988826
16:27:12 [ SENT ] ASKPOSE 1288988826 [ TO ] svr12 1288988826
16:27:12 [ RECIEVED ] POSE 1288988826 293.932 284.694 1.26264 0.0036 [ BY ] svr12 1288988826
16:27:13 [ POPPED ] ASKPOSE 1288988826 [ OFF ] svr12 1288988826
16:27:13 [ SENT ] ASKPOSE 1288988826 [ TO ] svr12 1288988826
16:27:13 [ RECIEVED ] POSE 1288988826 293.932 284.694 1.26264 0.0036 [ BY ] svr12 1288988826
16:27:14 [ POPPED ] ASKPOSE 1288988826 [ OFF ] svr12 1288988826
16:27:14 [ SENT ] ASKPOSE 1288988826 [ TO ] svr12 1288988826
16:27:14 [ RECIEVED ] POSE 1288988826 293.932 284.694 1.26264 0.0036 [ BY ] svr12 1288988826
16:27:15 [ POPPED ] ASKPOSE 1288988826 [ OFF ] svr12 1288988826
16:27:15 [ SENT ] ASKPOSE 1288988826 [ TO ] svr12 1288988826
16:27:15 [ RECIEVED ] POSE 1288988826 293.932 284.694 1.26264 0.0036 [ BY ] svr12 1288988826
16:27:16 [ POPPED ] ASKPOSE 1288988826 [ OFF ] svr12 1288988826
16:27:16 [ SENT ] ASKPOSE 1288988826 [ TO ] svr12 1288988826
16:27:16 [ RECIEVED ] POSE 1288988826 293.932 284.694 1.26264 0.0036 [ BY ] svr12 1288988826
16:27:17 [ POPPED ] ASKPOSE 1288988826 [ OFF ] svr12 1288988826
16:27:17 [ SENT ] ASKPOSE 1288988826 [ TO ] svr12 1288988826
16:27:17 [ RECIEVED ] POSE 1288988826 293.932 284.694 1.26264 0.0036 [ BY ] svr12 1288988826
16:27:18 [ POPPED ] ASKPOSE 1288988826 [ OFF ] svr12 1288988826
16:27:18 [ SENT ] ASKPOSE 1288988826 [ TO ] svr12 1288988826
16:27:18 [ RECIEVED ] POSE 1288988826 293.932 284.694 1.26264 0.0036 [ BY ] svr12 1288988826
16:27:19 [ POPPED ] ASKPOSE 1288988826 [ OFF ] svr12 1288988826
16:27:19 [ SENT ] ASKPOSE 1288988826 [ TO ] svr12 1288988826
16:27:19 [ RECIEVED ] POSE 1288988826 293.932 284.694 1.26264 0.0036 [ BY ] svr12 1288988826
16:27:20 [ POPPED ] ASKPOSE 1288988826 [ OFF ] svr12 1288988826
16:27:20 [ SENT ] ASKPOSE 1288988826 [ TO ] svr12 1288988826
16:27:20 [ RECIEVED ] POSE 1288988826 293.932 284.694 1.26264 0.0036 [ BY ] svr12 1288988826
16:27:21 [ POPPED ] ASKPOSE 1288988826 [ OFF ] svr12 1288988826
16:27:21 [ SENT ] ASKPOSE 1288988826 [ TO ] svr12 1288988826
16:27:21 [ RECIEVED ] POSE 1288988826 293.932 284.694 1.26264 0.0036 [ BY ] svr12 1288988826
16:27:22 [ POPPED ] ASKPOSE 1288988826 [ OFF ] svr12 1288988826
16:27:22 [ SENT ] ASKPOSE 1288988826 [ TO ] svr12 1288988826
16:27:22 [ RECIEVED ] POSE 1288988826 293.932 284.694 1.26264 0.0036 [ BY ] svr12 1288988826
16:27:23 [ POPPED ] ASKPOSE 1288988826 [ OFF ] svr12 1288988826
16:27:23 [ SENT ] ASKPOSE 1288988826 [ TO ] svr12 1288988826
16:27:23 [ RECIEVED ] POSE 1288988826 293.932 284.694 1.26264 0.0036 [ BY ] svr12 1288988826
16:27:24 [ POPPED ] ASKPOSE 1288988826 [ OFF ] svr12 1288988826
16:27:24 [ SENT ] ASKPOSE 1288988826 [ TO ] svr12 1288988826
16:27:24 [ RECIEVED ] POSE 1288988826 293.932 284.694 1.26264 0.0036 [ BY ] svr12 1288988826
16:27:25 [ POPPED ] ASKPOSE 1288988826 [ OFF ] svr12 1288988826
16:27:25 [ SENT ] ASKPOSE 1288988826 [ TO ] svr12 1288988826
16:27:25 [ RECIEVED ] POSE 1288988826 490.554 279.219 0.681633 0.00285 [ BY ] svr12 1288988826
16:27:26 [ POPPED ] ASKPOSE 1288988826 [ OFF ] svr12 1288988826
16:27:26 [ SENT ] ASKPOSE 1288988826 [ TO ] svr12 1288988826
16:27:26 [ RECIEVED ] POSE 1288988826 490.554 279.219 0.681633 0.00285 [ BY ] svr12 1288988826
16:27:27 [ POPPED ] ASKPOSE 1288988826 [ OFF ] svr12 1288988826
16:27:27 [ SENT ] ASKPOSE 1288988826 [ TO ] svr12 1288988826
16:27:27 [ RECIEVED ] POSE 1288988826 490.554 279.219 0.681633 0.00285 [ BY ] svr12 1288988826
16:27:28 [ POPPED ] ASKPOSE 1288988826 [ OFF ] svr12 1288988826
16:27:28 [ SENT ] ASKPOSE 1288988826 [ TO ] svr12 1288988826
16:27:28 [ RECIEVED ] BROADCAST FOUND green 1288988826 [ BY ] svr12 1288988826
16:27:29 [ POPPED ] ASKPOSE 1288988826 [ OFF ] svr12 1288988826
16:27:29 [ SENT ] ASKPOSE 1288988826 [ TO ] svr12 1288988826
16:27:30 [ POPPED ] ASKPOSE 1288988826 [ OFF ] svr12 1288988826
16:27:30 [ SENT ] ASKPOSE 1288988826 [ TO ] svr12 1288988826
16:27:31 [ POPPED ] ASKPOSE 1288988826 [ OFF ] svr12 1288988826
16:27:31 [ SENT ] ASKPOSE 1288988826 [ TO ] svr12 1288988826
16:27:32 [ POPPED ] ASKPOSE 1288988826 [ OFF ] svr12 1288988826
16:27:32 [ SENT ] ASKPOSE 1288988826 [ TO ] svr12 1288988826
16:27:33 [ POPPED ] ASKPOSE 1288988826 [ OFF ] svr12 1288988826
16:27:33 [ SENT ] ASKPOSE 1288988826 [ TO ] svr12 1288988826
16:27:34 [ POPPED ] ASKPOSE 1288988826 [ OFF ] svr12 1288988826
16:27:34 [ SENT ] ASKPOSE 1288988826 [ TO ] svr12 1288988826
16:27:35 [ POPPED ] ASKPOSE 1288988826 [ OFF ] svr12 1288988826
16:27:35 [ SENT ] ASKPOSE 1288988826 [ TO ] svr12 1288988826
16:27:36 [ POPPED ] ASKPOSE 1288988826 [ OFF ] svr12 1288988826
16:27:36 [ SENT ] ASKPOSE 1288988826 [ TO ] svr12 1288988826
16:27:37 [ POPPED ] ASKPOSE 1288988826 [ OFF ] svr12 1288988826
16:27:37 [ SENT ] ASKPOSE 1288988826 [ TO ] svr12 1288988826
16:27:37 [ ERROR ] reading message in client_handler [ ERROR ] svr12 1288988826
